<?xml version="1.0" encoding="utf-8"?><testsuites><testsuite name="pytest" errors="0" failures="0" skipped="0" tests="3" time="0.505" timestamp="2023-09-01T14:07:13.237265" hostname="dino-laptop"><testcase classname="examples_rclpy_executors.executors.test.test_copyright" name="test_copyright" time="0.234" /><testcase classname="examples_rclpy_executors.executors.test.test_flake8" name="test_flake8" time="0.113" /><testcase classname="examples_rclpy_executors.executors.test.test_pep257" name="test_pep257" time="0.048" /></testsuite></testsuites>